2025-02-14 14:17:51 INFO  TC005_AddToWishListTest:20 - **** Logging In ****
2025-02-14 14:17:51 INFO  TC005_AddToWishListTest:25 - Clicking on MyAccount ...
2025-02-14 14:17:52 INFO  TC005_AddToWishListTest:27 - Clicking on Login ...
2025-02-14 14:17:52 INFO  TC005_AddToWishListTest:30 - Entering email ...
2025-02-14 14:17:52 INFO  TC005_AddToWishListTest:32 - Enterring password ...
2025-02-14 14:17:52 INFO  TC005_AddToWishListTest:34 - Clicking on Login ...
2025-02-14 14:17:53 INFO  TC005_AddToWishListTest:44 - **** Finished Log In ****
2025-02-14 14:17:53 INFO  TC005_AddToWishListTest:49 - **** Starting TC_WL_001 Verify adding searched products to Wish List ****
2025-02-14 14:17:55 INFO  TC005_AddToWishListTest:81 - **** End TC_WL_001 Verify adding searched products to Wish List ****
2025-02-14 14:20:25 INFO  TC005_AddToWishListTest:20 - **** Logging In ****
2025-02-14 14:20:25 INFO  TC005_AddToWishListTest:25 - Clicking on MyAccount ...
2025-02-14 14:20:25 INFO  TC005_AddToWishListTest:27 - Clicking on Login ...
2025-02-14 14:20:25 INFO  TC005_AddToWishListTest:30 - Entering email ...
2025-02-14 14:20:25 INFO  TC005_AddToWishListTest:32 - Enterring password ...
2025-02-14 14:20:25 INFO  TC005_AddToWishListTest:34 - Clicking on Login ...
2025-02-14 14:20:26 INFO  TC005_AddToWishListTest:44 - **** Finished Log In ****
2025-02-14 14:20:26 INFO  TC005_AddToWishListTest:49 - **** Starting TC_WL_001 Verify adding searched products to Wish List ****
2025-02-14 14:38:50 INFO  TC005_AddToWishListTest:20 - **** Logging In ****
2025-02-14 14:38:50 INFO  TC005_AddToWishListTest:25 - Clicking on MyAccount ...
2025-02-14 14:38:50 INFO  TC005_AddToWishListTest:27 - Clicking on Login ...
2025-02-14 14:38:50 INFO  TC005_AddToWishListTest:30 - Entering email ...
2025-02-14 14:38:51 INFO  TC005_AddToWishListTest:32 - Enterring password ...
2025-02-14 14:38:51 INFO  TC005_AddToWishListTest:34 - Clicking on Login ...
2025-02-14 14:38:52 INFO  TC005_AddToWishListTest:44 - **** Finished Log In ****
2025-02-14 14:38:52 INFO  TC005_AddToWishListTest:49 - **** Starting TC_WL_001 Verify adding searched products to Wish List ****
2025-02-14 14:40:05 INFO  TC002_LoginTest:16 - **** Starting TC002_LoginTest ****
2025-02-14 14:40:05 INFO  TC002_LoginTest:21 - Clicking on MyAccount ...
2025-02-14 14:40:06 INFO  TC002_LoginTest:23 - Clicking on Login ...
2025-02-14 14:40:06 INFO  TC002_LoginTest:26 - Entering email ...
2025-02-14 14:40:06 INFO  TC002_LoginTest:28 - Enterring password ...
2025-02-14 14:40:06 INFO  TC002_LoginTest:30 - Clicking on Login ...
2025-02-14 14:40:07 INFO  TC002_LoginTest:40 - **** Finished TC002_LoginTest ****
2025-02-14 14:40:11 INFO  TC005_AddToWishListTest:20 - **** Logging In ****
2025-02-14 14:40:11 INFO  TC005_AddToWishListTest:25 - Clicking on MyAccount ...
2025-02-14 14:40:11 INFO  TC005_AddToWishListTest:27 - Clicking on Login ...
2025-02-14 14:40:11 INFO  TC005_AddToWishListTest:30 - Entering email ...
2025-02-14 14:40:11 INFO  TC005_AddToWishListTest:32 - Enterring password ...
2025-02-14 14:40:12 INFO  TC005_AddToWishListTest:34 - Clicking on Login ...
2025-02-14 14:40:12 INFO  TC005_AddToWishListTest:44 - **** Finished Log In ****
2025-02-14 14:40:12 INFO  TC005_AddToWishListTest:49 - **** Starting TC_WL_001 Verify adding searched products to Wish List ****
2025-02-14 14:46:01 INFO  TC005_AddToWishListTest:20 - **** Logging In ****
2025-02-14 14:46:01 INFO  TC005_AddToWishListTest:25 - Clicking on MyAccount ...
2025-02-14 14:46:01 INFO  TC005_AddToWishListTest:27 - Clicking on Login ...
2025-02-14 14:46:01 INFO  TC005_AddToWishListTest:30 - Entering email ...
2025-02-14 14:46:02 INFO  TC005_AddToWishListTest:32 - Enterring password ...
2025-02-14 14:46:02 INFO  TC005_AddToWishListTest:34 - Clicking on Login ...
2025-02-14 14:46:03 INFO  TC005_AddToWishListTest:44 - **** Finished Log In ****
2025-02-14 14:46:03 INFO  TC005_AddToWishListTest:49 - **** Starting TC_WL_001 Verify adding searched products to Wish List ****
2025-02-14 14:46:04 INFO  TC005_AddToWishListTest:81 - **** End TC_WL_001 Verify adding searched products to Wish List ****
2025-02-14 14:46:04 INFO  TC005_AddToWishListTest:87 - **** Starting TC_WL_002 Verify navigating to 'My Wish List' page using the 'Wish List' header option ****
2025-02-14 14:53:06 INFO  TC005_AddToWishListTest:20 - **** Logging In ****
2025-02-14 14:53:06 INFO  TC005_AddToWishListTest:25 - Clicking on MyAccount ...
2025-02-14 14:53:07 INFO  TC005_AddToWishListTest:27 - Clicking on Login ...
2025-02-14 14:53:07 INFO  TC005_AddToWishListTest:30 - Entering email ...
2025-02-14 14:53:07 INFO  TC005_AddToWishListTest:32 - Enterring password ...
2025-02-14 14:53:07 INFO  TC005_AddToWishListTest:34 - Clicking on Login ...
2025-02-14 14:53:08 INFO  TC005_AddToWishListTest:44 - **** Finished Log In ****
2025-02-14 14:53:08 INFO  TC005_AddToWishListTest:49 - **** Starting TC_WL_001 Verify adding searched products to Wish List ****
2025-02-14 14:53:10 INFO  TC005_AddToWishListTest:81 - **** End TC_WL_001 Verify adding searched products to Wish List ****
2025-02-14 14:53:10 INFO  TC005_AddToWishListTest:87 - **** Starting TC_WL_002 Verify navigating to 'My Wish List' page using the 'Wish List' header option ****
2025-02-14 14:53:14 INFO  TC005_AddToWishListTest:119 - **** End TC_WL_002 Verify navigating to 'My Wish List' page using the 'Wish List' header option ****
2025-02-14 14:57:25 INFO  TC005_AddToWishListTest:20 - **** Logging In ****
2025-02-14 14:57:25 INFO  TC005_AddToWishListTest:25 - Clicking on MyAccount ...
2025-02-14 14:57:25 INFO  TC005_AddToWishListTest:27 - Clicking on Login ...
2025-02-14 14:57:25 INFO  TC005_AddToWishListTest:30 - Entering email ...
2025-02-14 14:57:26 INFO  TC005_AddToWishListTest:32 - Enterring password ...
2025-02-14 14:57:26 INFO  TC005_AddToWishListTest:34 - Clicking on Login ...
2025-02-14 14:57:27 INFO  TC005_AddToWishListTest:44 - **** Finished Log In ****
2025-02-14 14:57:27 INFO  TC005_AddToWishListTest:49 - **** Starting TC_WL_001 Verify adding searched products to Wish List ****
2025-02-14 14:57:58 INFO  TC005_AddToWishListTest:87 - **** Starting TC_WL_002 Verify navigating to 'My Wish List' page using the 'Wish List' header option ****
2025-02-14 14:58:02 INFO  TC005_AddToWishListTest:118 - **** End TC_WL_002 Verify navigating to 'My Wish List' page using the 'Wish List' header option ****
2025-02-14 15:17:30 INFO  TC005_AddToWishListTest:20 - **** Logging In ****
2025-02-14 15:17:30 INFO  TC005_AddToWishListTest:25 - Clicking on MyAccount ...
2025-02-14 15:17:30 INFO  TC005_AddToWishListTest:27 - Clicking on Login ...
2025-02-14 15:17:30 INFO  TC005_AddToWishListTest:30 - Entering email ...
2025-02-14 15:17:30 INFO  TC005_AddToWishListTest:32 - Enterring password ...
2025-02-14 15:17:30 INFO  TC005_AddToWishListTest:34 - Clicking on Login ...
2025-02-14 15:17:31 INFO  TC005_AddToWishListTest:44 - **** Finished Log In ****
2025-02-14 15:17:31 INFO  TC005_AddToWishListTest:49 - **** Starting TC_WL_001 Verify adding searched products to Wish List ****
2025-02-14 15:18:03 INFO  TC005_AddToWishListTest:87 - **** Starting TC_WL_002 Verify navigating to 'My Wish List' page using the 'Wish List' header option ****
2025-02-14 15:18:04 INFO  TC005_AddToWishListTest:119 - **** End TC_WL_002 Verify navigating to 'My Wish List' page using the 'Wish List' header option ****
2025-02-14 15:26:32 INFO  TC005_AddToWishListTest:20 - **** Logging In ****
2025-02-14 15:26:33 INFO  TC005_AddToWishListTest:25 - Clicking on MyAccount ...
2025-02-14 15:26:33 INFO  TC005_AddToWishListTest:27 - Clicking on Login ...
2025-02-14 15:26:33 INFO  TC005_AddToWishListTest:30 - Entering email ...
2025-02-14 15:26:33 INFO  TC005_AddToWishListTest:32 - Enterring password ...
2025-02-14 15:26:33 INFO  TC005_AddToWishListTest:34 - Clicking on Login ...
2025-02-14 15:26:34 INFO  TC005_AddToWishListTest:44 - **** Finished Log In ****
2025-02-14 15:26:34 INFO  TC005_AddToWishListTest:49 - **** Starting TC_WL_001 Verify adding searched products to Wish List ****
2025-02-14 15:27:45 INFO  TC005_AddToWishListTest:20 - **** Logging In ****
2025-02-14 15:27:45 INFO  TC005_AddToWishListTest:25 - Clicking on MyAccount ...
2025-02-14 15:27:45 INFO  TC005_AddToWishListTest:27 - Clicking on Login ...
2025-02-14 15:27:45 INFO  TC005_AddToWishListTest:30 - Entering email ...
2025-02-14 15:27:46 INFO  TC005_AddToWishListTest:32 - Enterring password ...
2025-02-14 15:27:46 INFO  TC005_AddToWishListTest:34 - Clicking on Login ...
2025-02-14 15:27:47 INFO  TC005_AddToWishListTest:44 - **** Finished Log In ****
2025-02-14 15:27:47 INFO  TC005_AddToWishListTest:49 - **** Starting TC_WL_001 Verify adding searched products to Wish List ****
2025-02-14 15:27:48 INFO  TC005_AddToWishListTest:81 - **** End TC_WL_001 Verify adding searched products to Wish List ****
2025-02-14 15:27:48 INFO  TC005_AddToWishListTest:87 - **** Starting TC_WL_002 Verify navigating to 'My Wish List' page using the 'Wish List' header option ****
2025-02-14 15:27:53 INFO  TC005_AddToWishListTest:119 - **** End TC_WL_002 Verify navigating to 'My Wish List' page using the 'Wish List' header option ****
